This is pdfTeX, Version 3.1415926-2.4-1.40.13 (TeX Live 2012/Debian) (format=pdflatex 2013.1.14)  4 NOV 2013 19:02
entering extended mode
 restricted \write18 enabled.
 %&-line parsing enabled.
**document.tex
(./document.tex
LaTeX2e <2011/06/27>
Babel <v3.8m> and hyphenation patterns for english, dumylang, nohyphenation, et
hiopic, farsi, arabic, pinyin, croatian, bulgarian, ukrainian, russian, slovak,
 czech, danish, dutch, usenglishmax, ukenglish, finnish, french, basque, ngerma
n, german, swissgerman, ngerman-x-2012-05-30, german-x-2012-05-30, monogreek, g
reek, ibycus, ancientgreek, hungarian, bengali, tamil, hindi, telugu, gujarati,
 sanskrit, malayalam, kannada, assamese, marathi, oriya, panjabi, italian, lati
n, latvian, lithuanian, mongolian, mongolianlmc, nynorsk, bokmal, indonesian, e
speranto, coptic, welsh, irish, interlingua, serbian, serbianc, slovenian, friu
lan, romansh, estonian, romanian, armenian, uppersorbian, turkish, afrikaans, i
celandic, kurmanji, polish, portuguese, galician, catalan, spanish, swedish, th
ai, loaded.
(/usr/share/texlive/texmf-dist/tex/latex/base/article.cls
Document Class: article 2007/10/19 v1.4h Standard LaTeX document class
(/usr/share/texlive/texmf-dist/tex/latex/base/size10.clo
File: size10.clo 2007/10/19 v1.4h Standard LaTeX file (size option)
)
\c@part=\count79
\c@section=\count80
\c@subsection=\count81
\c@subsubsection=\count82
\c@paragraph=\count83
\c@subparagraph=\count84
\c@figure=\count85
\c@table=\count86
\abovecaptionskip=\skip41
\belowcaptionskip=\skip42
\bibindent=\dimen102
)
(/usr/share/texlive/texmf-dist/tex/latex/graphics/graphicx.sty
Package: graphicx 1999/02/16 v1.0f Enhanced LaTeX Graphics (DPC,SPQR)

(/usr/share/texlive/texmf-dist/tex/latex/graphics/keyval.sty
Package: keyval 1999/03/16 v1.13 key=value parser (DPC)
\KV@toks@=\toks14
)
(/usr/share/texlive/texmf-dist/tex/latex/graphics/graphics.sty
Package: graphics 2009/02/05 v1.0o Standard LaTeX Graphics (DPC,SPQR)

(/usr/share/texlive/texmf-dist/tex/latex/graphics/trig.sty
Package: trig 1999/03/16 v1.09 sin cos tan (DPC)
)
(/usr/share/texlive/texmf-dist/tex/latex/latexconfig/graphics.cfg
File: graphics.cfg 2010/04/23 v1.9 graphics configuration of TeX Live
)
Package graphics Info: Driver file: pdftex.def on input line 91.

(/usr/share/texlive/texmf-dist/tex/latex/pdftex-def/pdftex.def
File: pdftex.def 2011/05/27 v0.06d Graphics/color for pdfTeX

(/usr/share/texlive/texmf-dist/tex/generic/oberdiek/infwarerr.sty
Package: infwarerr 2010/04/08 v1.3 Providing info/warning/error messages (HO)
)
(/usr/share/texlive/texmf-dist/tex/generic/oberdiek/ltxcmds.sty
Package: ltxcmds 2011/11/09 v1.22 LaTeX kernel commands for general use (HO)
)
\Gread@gobject=\count87
))
\Gin@req@height=\dimen103
\Gin@req@width=\dimen104
)
(/usr/share/texlive/texmf-dist/tex/latex/amsmath/amsmath.sty
Package: amsmath 2000/07/18 v2.13 AMS math features
\@mathmargin=\skip43

For additional information on amsmath, use the `?' option.
(/usr/share/texlive/texmf-dist/tex/latex/amsmath/amstext.sty
Package: amstext 2000/06/29 v2.01

(/usr/share/texlive/texmf-dist/tex/latex/amsmath/amsgen.sty
File: amsgen.sty 1999/11/30 v2.0
\@emptytoks=\toks15
\ex@=\dimen105
))
(/usr/share/texlive/texmf-dist/tex/latex/amsmath/amsbsy.sty
Package: amsbsy 1999/11/29 v1.2d
\pmbraise@=\dimen106
)
(/usr/share/texlive/texmf-dist/tex/latex/amsmath/amsopn.sty
Package: amsopn 1999/12/14 v2.01 operator names
)
\inf@bad=\count88
LaTeX Info: Redefining \frac on input line 211.
\uproot@=\count89
\leftroot@=\count90
LaTeX Info: Redefining \overline on input line 307.
\classnum@=\count91
\DOTSCASE@=\count92
LaTeX Info: Redefining \ldots on input line 379.
LaTeX Info: Redefining \dots on input line 382.
LaTeX Info: Redefining \cdots on input line 467.
\Mathstrutbox@=\box26
\strutbox@=\box27
\big@size=\dimen107
LaTeX Font Info:    Redeclaring font encoding OML on input line 567.
LaTeX Font Info:    Redeclaring font encoding OMS on input line 568.
\macc@depth=\count93
\c@MaxMatrixCols=\count94
\dotsspace@=\muskip10
\c@parentequation=\count95
\dspbrk@lvl=\count96
\tag@help=\toks16
\row@=\count97
\column@=\count98
\maxfields@=\count99
\andhelp@=\toks17
\eqnshift@=\dimen108
\alignsep@=\dimen109
\tagshift@=\dimen110
\tagwidth@=\dimen111
\totwidth@=\dimen112
\lineht@=\dimen113
\@envbody=\toks18
\multlinegap=\skip44
\multlinetaggap=\skip45
\mathdisplay@stack=\toks19
LaTeX Info: Redefining \[ on input line 2666.
LaTeX Info: Redefining \] on input line 2667.
)
(/usr/share/texlive/texmf-dist/tex/latex/amsfonts/amssymb.sty
Package: amssymb 2009/06/22 v3.00

(/usr/share/texlive/texmf-dist/tex/latex/amsfonts/amsfonts.sty
Package: amsfonts 2009/06/22 v3.00 Basic AMSFonts support
\symAMSa=\mathgroup4
\symAMSb=\mathgroup5
LaTeX Font Info:    Overwriting math alphabet `\mathfrak' in version `bold'
(Font)                  U/euf/m/n --> U/euf/b/n on input line 96.
))
(/usr/share/texlive/texmf-dist/tex/latex/amscls/amsthm.sty
Package: amsthm 2009/07/02 v2.20.1
\thm@style=\toks20
\thm@bodyfont=\toks21
\thm@headfont=\toks22
\thm@notefont=\toks23
\thm@headpunct=\toks24
\thm@preskip=\skip46
\thm@postskip=\skip47
\thm@headsep=\skip48
\dth@everypar=\toks25
)
(/usr/share/texlive/texmf-dist/tex/latex/multirow/multirow.sty
\bigstrutjot=\dimen114
)
(/usr/share/texlive/texmf-dist/tex/latex/stmaryrd/stmaryrd.sty
Package: stmaryrd 1994/03/03 St Mary's Road symbol package
\symstmry=\mathgroup6
LaTeX Font Info:    Overwriting symbol font `stmry' in version `bold'
(Font)                  U/stmry/m/n --> U/stmry/b/n on input line 89.
)

LaTeX Warning: Unused global option(s):
    [preprint,5p,times].

(./document.aux)
\openout1 = `document.aux'.

LaTeX Font Info:    Checking defaults for OML/cmm/m/it on input line 15.
LaTeX Font Info:    ... okay on input line 15.
LaTeX Font Info:    Checking defaults for T1/cmr/m/n on input line 15.
LaTeX Font Info:    ... okay on input line 15.
LaTeX Font Info:    Checking defaults for OT1/cmr/m/n on input line 15.
LaTeX Font Info:    ... okay on input line 15.
LaTeX Font Info:    Checking defaults for OMS/cmsy/m/n on input line 15.
LaTeX Font Info:    ... okay on input line 15.
LaTeX Font Info:    Checking defaults for OMX/cmex/m/n on input line 15.
LaTeX Font Info:    ... okay on input line 15.
LaTeX Font Info:    Checking defaults for U/cmr/m/n on input line 15.
LaTeX Font Info:    ... okay on input line 15.
 (/usr/share/texlive/texmf-dist/tex/context/base/supp-pdf.mkii
[Loading MPS to PDF converter (version 2006.09.02).]
\scratchcounter=\count100
\scratchdimen=\dimen115
\scratchbox=\box28
\nofMPsegments=\count101
\nofMParguments=\count102
\everyMPshowfont=\toks26
\MPscratchCnt=\count103
\MPscratchDim=\dimen116
\MPnumerator=\count104
\makeMPintoPDFobject=\count105
\everyMPtoPDFconversion=\toks27
) (/usr/share/texlive/texmf-dist/tex/generic/oberdiek/pdftexcmds.sty
Package: pdftexcmds 2011/11/29 v0.20 Utility functions of pdfTeX for LuaTeX (HO
)

(/usr/share/texlive/texmf-dist/tex/generic/oberdiek/ifluatex.sty
Package: ifluatex 2010/03/01 v1.3 Provides the ifluatex switch (HO)
Package ifluatex Info: LuaTeX not detected.
)
(/usr/share/texlive/texmf-dist/tex/generic/oberdiek/ifpdf.sty
Package: ifpdf 2011/01/30 v2.3 Provides the ifpdf switch (HO)
Package ifpdf Info: pdfTeX in PDF mode is detected.
)
Package pdftexcmds Info: LuaTeX not detected.
Package pdftexcmds Info: \pdf@primitive is available.
Package pdftexcmds Info: \pdf@ifprimitive is available.
Package pdftexcmds Info: \pdfdraftmode found.
)
(/usr/share/texlive/texmf-dist/tex/latex/oberdiek/epstopdf-base.sty
Package: epstopdf-base 2010/02/09 v2.5 Base part for package epstopdf

(/usr/share/texlive/texmf-dist/tex/latex/oberdiek/grfext.sty
Package: grfext 2010/08/19 v1.1 Manage graphics extensions (HO)

(/usr/share/texlive/texmf-dist/tex/generic/oberdiek/kvdefinekeys.sty
Package: kvdefinekeys 2011/04/07 v1.3 Define keys (HO)
))
(/usr/share/texlive/texmf-dist/tex/latex/oberdiek/kvoptions.sty
Package: kvoptions 2011/06/30 v3.11 Key value format for package options (HO)

(/usr/share/texlive/texmf-dist/tex/generic/oberdiek/kvsetkeys.sty
Package: kvsetkeys 2012/04/25 v1.16 Key value parser (HO)

(/usr/share/texlive/texmf-dist/tex/generic/oberdiek/etexcmds.sty
Package: etexcmds 2011/02/16 v1.5 Avoid name clashes with e-TeX commands (HO)
Package etexcmds Info: Could not find \expanded.
(etexcmds)             That can mean that you are not using pdfTeX 1.50 or
(etexcmds)             that some package has redefined \expanded.
(etexcmds)             In the latter case, load this package earlier.
)))
Package grfext Info: Graphics extension search list:
(grfext)             [.png,.pdf,.jpg,.mps,.jpeg,.jbig2,.jb2,.PNG,.PDF,.JPG,.JPE
G,.JBIG2,.JB2,.eps]
(grfext)             \AppendGraphicsExtensions on input line 452.

(/usr/share/texlive/texmf-dist/tex/latex/latexconfig/epstopdf-sys.cfg
File: epstopdf-sys.cfg 2010/07/13 v1.3 Configuration of (r)epstopdf for TeX Liv
e
))
LaTeX Font Info:    Try loading font information for OMS+cmr on input line 26.

(/usr/share/texlive/texmf-dist/tex/latex/base/omscmr.fd
File: omscmr.fd 1999/05/25 v2.5h Standard LaTeX font definitions
)
LaTeX Font Info:    Font shape `OMS/cmr/m/n' in size <10> not available
(Font)              Font shape `OMS/cmsy/m/n' tried instead on input line 26.
LaTeX Font Info:    Try loading font information for U+msa on input line 36.

(/usr/share/texlive/texmf-dist/tex/latex/amsfonts/umsa.fd
File: umsa.fd 2009/06/22 v3.00 AMS symbols A
)
LaTeX Font Info:    Try loading font information for U+msb on input line 36.

(/usr/share/texlive/texmf-dist/tex/latex/amsfonts/umsb.fd
File: umsb.fd 2009/06/22 v3.00 AMS symbols B
)
LaTeX Font Info:    Try loading font information for U+stmry on input line 36.

(/usr/share/texlive/texmf-dist/tex/latex/stmaryrd/Ustmry.fd)
Underfull \hbox (badness 10000) in paragraph at lines 36--37

 []

[1

{/var/lib/texmf/fonts/map/pdftex/updmap/pdftex.map}]
Underfull \hbox (badness 10000) in paragraph at lines 71--72

 []

<images/before_edge_collapse.png, id=12, 137.14229pt x 169.00937pt>
File: images/before_edge_collapse.png Graphic file (type png)

<use images/before_edge_collapse.png>
Package pdftex.def Info: images/before_edge_collapse.png used on input line 77.

(pdftex.def)             Requested size: 113.85063pt x 140.30609pt.

<images/after_edge_collapse.png, id=14, 137.14229pt x 169.00937pt>
File: images/after_edge_collapse.png Graphic file (type png)

<use images/after_edge_collapse.png>
Package pdftex.def Info: images/after_edge_collapse.png used on input line 78.
(pdftex.def)             Requested size: 113.85063pt x 140.30609pt.

<images/gradient_conf.png, id=15, 135.43512pt x 169.00937pt>
File: images/gradient_conf.png Graphic file (type png)

<use images/gradient_conf.png>
Package pdftex.def Info: images/gradient_conf.png used on input line 79.
(pdftex.def)             Requested size: 113.85063pt x 142.07777pt.

Overfull \hbox (32.5519pt too wide) in paragraph at lines 76--83
[][]
 []

[2] [3 <./images/before_edge_collapse.png> <./images/after_edge_collapse.png> <
./images/gradient_conf.png>]
<images/gradient_left_before.png, id=27, 135.43512pt x 169.00937pt>
File: images/gradient_left_before.png Graphic file (type png)

<use images/gradient_left_before.png>
Package pdftex.def Info: images/gradient_left_before.png used on input line 106
.
(pdftex.def)             Requested size: 75.90042pt x 94.71938pt.

<images/gradient_left_after.png, id=28, 137.14229pt x 169.00937pt>
File: images/gradient_left_after.png Graphic file (type png)

<use images/gradient_left_after.png>
Package pdftex.def Info: images/gradient_left_after.png used on input line 107.

(pdftex.def)             Requested size: 75.90042pt x 93.53568pt.

<images/gradient_left_before2.png, id=29, 135.43512pt x 169.00937pt>
File: images/gradient_left_before2.png Graphic file (type png)

<use images/gradient_left_before2.png>
Package pdftex.def Info: images/gradient_left_before2.png used on input line 10
8.
(pdftex.def)             Requested size: 75.90042pt x 94.71938pt.

<images/gradient_left_after2.png, id=30, 137.14229pt x 169.00937pt>
File: images/gradient_left_after2.png Graphic file (type png)

<use images/gradient_left_after2.png>
Package pdftex.def Info: images/gradient_left_after2.png used on input line 109
.
(pdftex.def)             Requested size: 75.90042pt x 93.53568pt.

Overfull \hbox (6.60168pt too wide) in paragraph at lines 105--113
 [][] 
 []


Underfull \hbox (badness 10000) in paragraph at lines 120--121

 []

[4 <./images/gradient_left_before.png> <./images/gradient_left_after.png> <./im
ages/gradient_left_before2.png> <./images/gradient_left_after2.png>]
Underfull \hbox (badness 10000) in paragraph at lines 127--128

 []

<images/twopath-critical.png, id=38, 323.79236pt x 154.78299pt>
File: images/twopath-critical.png Graphic file (type png)

<use images/twopath-critical.png>
Package pdftex.def Info: images/twopath-critical.png used on input line 143.
(pdftex.def)             Requested size: 155.24895pt x 74.21468pt.

<images/twopath.png, id=39, 323.79236pt x 154.78299pt>
File: images/twopath.png Graphic file (type png)

<use images/twopath.png>
Package pdftex.def Info: images/twopath.png used on input line 144.
(pdftex.def)             Requested size: 155.24895pt x 74.21468pt.

<images/onepath-critical.png, id=40, 311.27315pt x 110.3967pt>
File: images/onepath-critical.png Graphic file (type png)

<use images/onepath-critical.png>
Package pdftex.def Info: images/onepath-critical.png used on input line 146.
(pdftex.def)             Requested size: 155.24895pt x 55.06175pt.

<images/onepath.png, id=41, 312.98032pt x 108.68953pt>
File: images/onepath.png Graphic file (type png)

<use images/onepath.png>
Package pdftex.def Info: images/onepath.png used on input line 147.
(pdftex.def)             Requested size: 155.24895pt x 53.91507pt.
 [5]
Underfull \hbox (badness 10000) in paragraph at lines 162--164

 []

[6 <./images/twopath-critical.png> <./images/twopath.png> <./images/onepath-cri
tical.png> <./images/onepath.png>]
Underfull \hbox (badness 10000) in paragraph at lines 184--186

 []

[7]
File: images/after_edge_collapse.png Graphic file (type png)
 <use images/after_edge_collapse.png>
Package pdftex.def Info: images/after_edge_collapse.png used on input line 209.

(pdftex.def)             Requested size: 75.90042pt x 93.53568pt.

<images/after_edge_refinement.png, id=57, 137.14229pt x 169.00937pt>
File: images/after_edge_refinement.png Graphic file (type png)

<use images/after_edge_refinement.png>
Package pdftex.def Info: images/after_edge_refinement.png used on input line 21
0.
(pdftex.def)             Requested size: 75.90042pt x 93.53568pt.

<images/gradient_before_refinement.png, id=58, 137.14229pt x 169.00937pt>
File: images/gradient_before_refinement.png Graphic file (type png)

<use images/gradient_before_refinement.png>
Package pdftex.def Info: images/gradient_before_refinement.png used on input li
ne 211.
(pdftex.def)             Requested size: 75.90042pt x 93.53568pt.

<images/gradient_after_refinement.png, id=59, 137.14229pt x 169.00937pt>
File: images/gradient_after_refinement.png Graphic file (type png)

<use images/gradient_after_refinement.png>
Package pdftex.def Info: images/gradient_after_refinement.png used on input lin
e 212.
(pdftex.def)             Requested size: 75.90042pt x 93.53568pt.

Overfull \hbox (6.60168pt too wide) in paragraph at lines 208--216
[][]
 []

[8 <./images/after_edge_refinement.png> <./images/gradient_before_refinement.pn
g> <./images/gradient_after_refinement.png>] [9]
Underfull \hbox (badness 10000) in paragraph at lines 284--285

 []

[10]
Underfull \hbox (badness 10000) in paragraph at lines 293--294

 []


Underfull \hbox (badness 10000) in paragraph at lines 295--297

 []

[11] (./document.bbl) [12] (./document.aux) ) 
Here is how much of TeX's memory you used:
 2695 strings out of 493485
 36472 string characters out of 3143526
 92191 words of memory out of 3000000
 5944 multiletter control sequences out of 15000+200000
 7815 words of font info for 31 fonts, out of 3000000 for 9000
 957 hyphenation exceptions out of 8191
 38i,11n,24p,922b,306s stack positions out of 5000i,500n,10000p,200000b,50000s
</usr/share/texlive/texmf-dist/fon
ts/type1/public/amsfonts/cm/cmbx10.pfb></usr/share/texlive/texmf-dist/fonts/typ
e1/public/amsfonts/cm/cmbx12.pfb></usr/share/texlive/texmf-dist/fonts/type1/pub
lic/amsfonts/cm/cmmi10.pfb></usr/share/texlive/texmf-dist/fonts/type1/public/am
sfonts/cm/cmmi7.pfb></usr/share/texlive/texmf-dist/fonts/type1/public/amsfonts/
cm/cmr10.pfb></usr/share/texlive/texmf-dist/fonts/type1/public/amsfonts/cm/cmr7
.pfb></usr/share/texlive/texmf-dist/fonts/type1/public/amsfonts/cm/cmsy10.pfb><
/usr/share/texlive/texmf-dist/fonts/type1/public/amsfonts/cm/cmsy7.pfb></usr/sh
are/texlive/texmf-dist/fonts/type1/public/amsfonts/cm/cmti10.pfb>
Output written on document.pdf (12 pages, 391771 bytes).
PDF statistics:
 108 PDF objects out of 1000 (max. 8388607)
 56 compressed objects within 1 object stream
 0 named destinations out of 1000 (max. 500000)
 71 words of extra memory for PDF output out of 10000 (max. 10000000)

